<?xml version="1.0" encoding="UTF-8"?>
<testng-results skipped="0" failed="0" ignored="0" total="1" passed="1">
  <reporter-output>
  </reporter-output>
  <suite name="Default suite" duration-ms="204829" started-at="2020-03-29T05:55:33Z" finished-at="2020-03-29T05:58:57Z">
    <groups>
      <group name="cucumber">
        <method signature="TestRunner.feature(cucumber.api.testng.CucumberFeatureWrapper)[pri:0, instance:runners.TestRunner@e25b2fe]" name="feature" class="runners.TestRunner"/>
      </group> <!-- cucumber -->
    </groups>
    <test name="Default test" duration-ms="204829" started-at="2020-03-29T05:55:33Z" finished-at="2020-03-29T05:58:57Z">
      <class name="runners.TestRunner">
        <test-method status="PASS" signature="setUpClass()[pri:0, instance:runners.TestRunner@e25b2fe]" name="setUpClass" is-config="true" duration-ms="369" started-at="2020-03-29T05:55:33Z" finished-at="2020-03-29T05:55:33Z">
          <reporter-output>
          </reporter-output>
        </test-method> <!-- setUpClass -->
        <test-method status="PASS" signature="feature(cucumber.api.testng.CucumberFeatureWrapper)[pri:0, instance:runners.TestRunner@e25b2fe]" name="feature" duration-ms="204267" started-at="2020-03-29T05:55:33Z" description="Runs Cucumber Feature" data-provider="features" finished-at="2020-03-29T05:58:57Z">
          <params>
            <param index="0">
              <value>
                <![CDATA[Fingertip Decisions test cases]]>
              </value>
            </param>
          </params>
          <reporter-output>
          </reporter-output>
        </test-method> <!-- feature -->
        <test-method status="PASS" signature="writeExtentReport()[pri:0, instance:runners.TestRunner@e25b2fe]" name="writeExtentReport" is-config="true" duration-ms="22" started-at="2020-03-29T05:58:57Z" finished-at="2020-03-29T05:58:57Z">
          <reporter-output>
          </reporter-output>
        </test-method> <!-- writeExtentReport -->
      </class> <!-- runners.TestRunner -->
    </test> <!-- Default test -->
  </suite> <!-- Default suite -->
</testng-results>
